# JRE version: OpenJDK Runtime Environment Temurin-21.0.8+9 (21.0.8+9) (build 21.0.8+9-LTS)
# Java VM: OpenJDK 64-Bit Server VM Temurin-21.0.8+9 (21.0.8+9-LTS, mixed mode, sharing, tiered, compressed oops, compressed class ptrs, parallel gc, windows-amd64)
GC Precious Log:
 CardTable entry size: 512
 CPUs: 12 total, 12 available
 Memory: 8013M
 Large Page Support: Disabled
 NUMA Support: Disabled
 Compressed Oops: Enabled (32-bit)
 Alignments: Space 512K, Generation 512K, Heap 2M
 Heap Min Capacity: 100M
 Heap Initial Capacity: 100M
 Heap Max Capacity: 2G
 Pre-touch: Disabled
 Parallel Workers: 10
Heap:
 PSYoungGen      total 7168K, used 4277K [0x00000000d5580000, 0x00000000d5f00000, 0x0000000100000000)
  eden space 5632K, 49% used [0x00000000d5580000,0x00000000d583e3d8,0x00000000d5b00000)
  from space 1536K, 95% used [0x00000000d5d80000,0x00000000d5eef308,0x00000000d5f00000)
  to   space 2048K, 0% used [0x00000000d5b00000,0x00000000d5b00000,0x00000000d5d00000)
 ParOldGen       total 151552K, used 151317K [0x0000000080000000, 0x0000000089400000, 0x00000000d5580000)
  object space 151552K, 99% used [0x0000000080000000,0x00000000893c5750,0x0000000089400000)
 Metaspace       used 73829K, committed 75456K, reserved 1114112K
  class space    used 9172K, committed 9920K, reserved 1048576K
GC Heap History (20 events):
Event: 244.914 GC heap before
{Heap before GC invocations=120 (full 3):
 PSYoungGen      total 7168K, used 7010K [0x00000000d5580000, 0x00000000d5e00000, 0x0000000100000000)
  eden space 5632K, 100% used [0x00000000d5580000,0x00000000d5b00000,0x00000000d5b00000)
  from space 1536K, 89% used [0x00000000d5c80000,0x00000000d5dd8b88,0x00000000d5e00000)
  to   space 1536K, 0% used [0x00000000d5b00000,0x00000000d5b00000,0x00000000d5c80000)
 ParOldGen       total 137728K, used 137523K [0x0000000080000000, 0x0000000088680000, 0x00000000d5580000)
  object space 137728K, 99% used [0x0000000080000000,0x000000008864cf30,0x0000000088680000)
 Metaspace       used 73815K, committed 75456K, reserved 1114112K
  class space    used 9172K, committed 9920K, reserved 1048576K
}
Event: 244.918 GC heap after
{Heap after GC invocations=120 (full 3):
 PSYoungGen      total 7168K, used 1404K [0x00000000d5580000, 0x00000000d5e00000, 0x0000000100000000)
  eden space 5632K, 0% used [0x00000000d5580000,0x00000000d5580000,0x00000000d5b00000)
  from space 1536K, 91% used [0x00000000d5b00000,0x00000000d5c5f148,0x00000000d5c80000)
  to   space 1536K, 0% used [0x00000000d5c80000,0x00000000d5c80000,0x00000000d5e00000)
 ParOldGen       total 138752K, used 138726K [0x0000000080000000, 0x0000000088780000, 0x00000000d5580000)
  object space 138752K, 99% used [0x0000000080000000,0x0000000088779ac0,0x0000000088780000)
 Metaspace       used 73815K, committed 75456K, reserved 1114112K
  class space    used 9172K, committed 9920K, reserved 1048576K
}
Event: 244.942 GC heap before
{Heap before GC invocations=121 (full 3):
 PSYoungGen      total 7168K, used 7036K [0x00000000d5580000, 0x00000000d5e00000, 0x0000000100000000)
  eden space 5632K, 99% used [0x00000000d5580000,0x00000000d5affff8,0x00000000d5b00000)
  from space 1536K, 91% used [0x00000000d5b00000,0x00000000d5c5f148,0x00000000d5c80000)
  to   space 1536K, 0% used [0x00000000d5c80000,0x00000000d5c80000,0x00000000d5e00000)
 ParOldGen       total 138752K, used 138726K [0x0000000080000000, 0x0000000088780000, 0x00000000d5580000)
  object space 138752K, 99% used [0x0000000080000000,0x0000000088779ac0,0x0000000088780000)
 Metaspace       used 73815K, committed 75456K, reserved 1114112K
  class space    used 9172K, committed 9920K, reserved 1048576K
}
Event: 244.945 GC heap after
{Heap after GC invocations=121 (full 3):
 PSYoungGen      total 7168K, used 1196K [0x00000000d5580000, 0x00000000d5e00000, 0x0000000100000000)
  eden space 5632K, 0% used [0x00000000d5580000,0x00000000d5580000,0x00000000d5b00000)
  from space 1536K, 77% used [0x00000000d5c80000,0x00000000d5dab048,0x00000000d5e00000)
  to   space 1536K, 0% used [0x00000000d5b00000,0x00000000d5b00000,0x00000000d5c80000)
 ParOldGen       total 140288K, used 140017K [0x0000000080000000, 0x0000000088900000, 0x00000000d5580000)
  object space 140288K, 99% used [0x0000000080000000,0x00000000888bc680,0x0000000088900000)
 Metaspace       used 73815K, committed 75456K, reserved 1114112K
  class space    used 9172K, committed 9920K, reserved 1048576K
}
Event: 244.969 GC heap before
{Heap before GC invocations=122 (full 3):
 PSYoungGen      total 7168K, used 6828K [0x00000000d5580000, 0x00000000d5e00000, 0x0000000100000000)
  eden space 5632K, 100% used [0x00000000d5580000,0x00000000d5b00000,0x00000000d5b00000)
  from space 1536K, 77% used [0x00000000d5c80000,0x00000000d5dab048,0x00000000d5e00000)
  to   space 1536K, 0% used [0x00000000d5b00000,0x00000000d5b00000,0x00000000d5c80000)
 ParOldGen       total 140288K, used 140017K [0x0000000080000000, 0x0000000088900000, 0x00000000d5580000)
  object space 140288K, 99% used [0x0000000080000000,0x00000000888bc680,0x0000000088900000)
 Metaspace       used 73815K, committed 75456K, reserved 1114112K
  class space    used 9172K, committed 9920K, reserved 1048576K
}
Event: 244.971 GC heap after
{Heap after GC invocations=122 (full 3):
 PSYoungGen      total 7168K, used 1408K [0x00000000d5580000, 0x00000000d5e00000, 0x0000000100000000)
  eden space 5632K, 0% used [0x00000000d5580000,0x00000000d5580000,0x00000000d5b00000)
  from space 1536K, 91% used [0x00000000d5b00000,0x00000000d5c60010,0x00000000d5c80000)
  to   space 1536K, 0% used [0x00000000d5c80000,0x00000000d5c80000,0x00000000d5e00000)
 ParOldGen       total 141312K, used 141115K [0x0000000080000000, 0x0000000088a00000, 0x00000000d5580000)
  object space 141312K, 99% used [0x0000000080000000,0x00000000889cee88,0x0000000088a00000)
 Metaspace       used 73815K, committed 75456K, reserved 1114112K
  class space    used 9172K, committed 9920K, reserved 1048576K
}
Event: 245.145 GC heap before
{Heap before GC invocations=123 (full 3):
 PSYoungGen      total 7168K, used 7040K [0x00000000d5580000, 0x00000000d5e00000, 0x0000000100000000)
  eden space 5632K, 100% used [0x00000000d5580000,0x00000000d5b00000,0x00000000d5b00000)
  from space 1536K, 91% used [0x00000000d5b00000,0x00000000d5c60010,0x00000000d5c80000)
  to   space 1536K, 0% used [0x00000000d5c80000,0x00000000d5c80000,0x00000000d5e00000)
 ParOldGen       total 141312K, used 141115K [0x0000000080000000, 0x0000000088a00000, 0x00000000d5580000)
  object space 141312K, 99% used [0x0000000080000000,0x00000000889cee88,0x0000000088a00000)
 Metaspace       used 73815K, committed 75456K, reserved 1114112K
  class space    used 9172K, committed 9920K, reserved 1048576K
}
Event: 245.153 GC heap after
{Heap after GC invocations=123 (full 3):
 PSYoungGen      total 7168K, used 1437K [0x00000000d5580000, 0x00000000d5e00000, 0x0000000100000000)
  eden space 5632K, 0% used [0x00000000d5580000,0x00000000d5580000,0x00000000d5b00000)
  from space 1536K, 93% used [0x00000000d5c80000,0x00000000d5de7778,0x00000000d5e00000)
  to   space 1536K, 0% used [0x00000000d5b00000,0x00000000d5b00000,0x00000000d5c80000)
 ParOldGen       total 142848K, used 142367K [0x0000000080000000, 0x0000000088b80000, 0x00000000d5580000)
  object space 142848K, 99% used [0x0000000080000000,0x0000000088b07fc0,0x0000000088b80000)
 Metaspace       used 73815K, committed 75456K, reserved 1114112K
  class space    used 9172K, committed 9920K, reserved 1048576K
}
Event: 245.443 GC heap before
{Heap before GC invocations=124 (full 3):
 PSYoungGen      total 7168K, used 7063K [0x00000000d5580000, 0x00000000d5e00000, 0x0000000100000000)
  eden space 5632K, 99% used [0x00000000d5580000,0x00000000d5afe820,0x00000000d5b00000)
  from space 1536K, 93% used [0x00000000d5c80000,0x00000000d5de7778,0x00000000d5e00000)
  to   space 1536K, 0% used [0x00000000d5b00000,0x00000000d5b00000,0x00000000d5c80000)
 ParOldGen       total 142848K, used 142367K [0x0000000080000000, 0x0000000088b80000, 0x00000000d5580000)
  object space 142848K, 99% used [0x0000000080000000,0x0000000088b07fc0,0x0000000088b80000)
 Metaspace       used 73821K, committed 75456K, reserved 1114112K
  class space    used 9172K, committed 9920K, reserved 1048576K
}
Event: 245.447 GC heap after
{Heap after GC invocations=124 (full 3):
 PSYoungGen      total 7168K, used 1337K [0x00000000d5580000, 0x00000000d5e00000, 0x0000000100000000)
  eden space 5632K, 0% used [0x00000000d5580000,0x00000000d5580000,0x00000000d5b00000)
  from space 1536K, 87% used [0x00000000d5b00000,0x00000000d5c4e770,0x00000000d5c80000)
  to   space 1536K, 0% used [0x00000000d5c80000,0x00000000d5c80000,0x00000000d5e00000)
 ParOldGen       total 143872K, used 143655K [0x0000000080000000, 0x0000000088c80000, 0x00000000d5580000)
  object space 143872K, 99% used [0x0000000080000000,0x0000000088c49dd0,0x0000000088c80000)
 Metaspace       used 73821K, committed 75456K, reserved 1114112K
  class space    used 9172K, committed 9920K, reserved 1048576K
}
Event: 245.835 GC heap before
{Heap before GC invocations=125 (full 3):
 PSYoungGen      total 7168K, used 6969K [0x00000000d5580000, 0x00000000d5e00000, 0x0000000100000000)
  eden space 5632K, 100% used [0x00000000d5580000,0x00000000d5b00000,0x00000000d5b00000)
  from space 1536K, 87% used [0x00000000d5b00000,0x00000000d5c4e770,0x00000000d5c80000)
  to   space 1536K, 0% used [0x00000000d5c80000,0x00000000d5c80000,0x00000000d5e00000)
 ParOldGen       total 143872K, used 143655K [0x0000000080000000, 0x0000000088c80000, 0x00000000d5580000)
  object space 143872K, 99% used [0x0000000080000000,0x0000000088c49dd0,0x0000000088c80000)
 Metaspace       used 73822K, committed 75456K, reserved 1114112K
  class space    used 9172K, committed 9920K, reserved 1048576K
}
Event: 245.837 GC heap after
{Heap after GC invocations=125 (full 3):
 PSYoungGen      total 7168K, used 1290K [0x00000000d5580000, 0x00000000d5e00000, 0x0000000100000000)
  eden space 5632K, 0% used [0x00000000d5580000,0x00000000d5580000,0x00000000d5b00000)
  from space 1536K, 84% used [0x00000000d5c80000,0x00000000d5dc2990,0x00000000d5e00000)
  to   space 1536K, 0% used [0x00000000d5b00000,0x00000000d5b00000,0x00000000d5c80000)
 ParOldGen       total 145408K, used 144907K [0x0000000080000000, 0x0000000088e00000, 0x00000000d5580000)
  object space 145408K, 99% used [0x0000000080000000,0x0000000088d82e90,0x0000000088e00000)
 Metaspace       used 73822K, committed 75456K, reserved 1114112K
  class space    used 9172K, committed 9920K, reserved 1048576K
}
Event: 245.987 GC heap before
{Heap before GC invocations=126 (full 3):
 PSYoungGen      total 7168K, used 6922K [0x00000000d5580000, 0x00000000d5e00000, 0x0000000100000000)
  eden space 5632K, 100% used [0x00000000d5580000,0x00000000d5b00000,0x00000000d5b00000)
  from space 1536K, 84% used [0x00000000d5c80000,0x00000000d5dc2990,0x00000000d5e00000)
  to   space 1536K, 0% used [0x00000000d5b00000,0x00000000d5b00000,0x00000000d5c80000)
 ParOldGen       total 145408K, used 144907K [0x0000000080000000, 0x0000000088e00000, 0x00000000d5580000)
  object space 145408K, 99% used [0x0000000080000000,0x0000000088d82e90,0x0000000088e00000)
 Metaspace       used 73822K, committed 75456K, reserved 1114112K
  class space    used 9172K, committed 9920K, reserved 1048576K
}
Event: 245.990 GC heap after
{Heap after GC invocations=126 (full 3):
 PSYoungGen      total 7168K, used 1333K [0x00000000d5580000, 0x00000000d5e00000, 0x0000000100000000)
  eden space 5632K, 0% used [0x00000000d5580000,0x00000000d5580000,0x00000000d5b00000)
  from space 1536K, 86% used [0x00000000d5b00000,0x00000000d5c4d640,0x00000000d5c80000)
  to   space 1536K, 0% used [0x00000000d5c80000,0x00000000d5c80000,0x00000000d5e00000)
 ParOldGen       total 146432K, used 146063K [0x0000000080000000, 0x0000000088f00000, 0x00000000d5580000)
  object space 146432K, 99% used [0x0000000080000000,0x0000000088ea3fc8,0x0000000088f00000)
 Metaspace       used 73822K, committed 75456K, reserved 1114112K
  class space    used 9172K, committed 9920K, reserved 1048576K
}
Event: 246.192 GC heap before
{Heap before GC invocations=127 (full 3):
 PSYoungGen      total 7168K, used 6965K [0x00000000d5580000, 0x00000000d5e00000, 0x0000000100000000)
  eden space 5632K, 100% used [0x00000000d5580000,0x00000000d5b00000,0x00000000d5b00000)
  from space 1536K, 86% used [0x00000000d5b00000,0x00000000d5c4d640,0x00000000d5c80000)
  to   space 1536K, 0% used [0x00000000d5c80000,0x00000000d5c80000,0x00000000d5e00000)
 ParOldGen       total 146432K, used 146063K [0x0000000080000000, 0x0000000088f00000, 0x00000000d5580000)
  object space 146432K, 99% used [0x0000000080000000,0x0000000088ea3fc8,0x0000000088f00000)
 Metaspace       used 73826K, committed 75456K, reserved 1114112K
  class space    used 9172K, committed 9920K, reserved 1048576K
}
Event: 246.195 GC heap after
{Heap after GC invocations=127 (full 3):
 PSYoungGen      total 7168K, used 1230K [0x00000000d5580000, 0x00000000d5e00000, 0x0000000100000000)
  eden space 5632K, 0% used [0x00000000d5580000,0x00000000d5580000,0x00000000d5b00000)
  from space 1536K, 80% used [0x00000000d5c80000,0x00000000d5db38e8,0x00000000d5e00000)
  to   space 1536K, 0% used [0x00000000d5b00000,0x00000000d5b00000,0x00000000d5c80000)
 ParOldGen       total 147456K, used 147336K [0x0000000080000000, 0x0000000089000000, 0x00000000d5580000)
  object space 147456K, 99% used [0x0000000080000000,0x0000000088fe2138,0x0000000089000000)
 Metaspace       used 73826K, committed 75456K, reserved 1114112K
  class space    used 9172K, committed 9920K, reserved 1048576K
}
Event: 246.538 GC heap before
{Heap before GC invocations=128 (full 3):
 PSYoungGen      total 7168K, used 6862K [0x00000000d5580000, 0x00000000d5e00000, 0x0000000100000000)
  eden space 5632K, 100% used [0x00000000d5580000,0x00000000d5b00000,0x00000000d5b00000)
  from space 1536K, 80% used [0x00000000d5c80000,0x00000000d5db38e8,0x00000000d5e00000)
  to   space 1536K, 0% used [0x00000000d5b00000,0x00000000d5b00000,0x00000000d5c80000)
 ParOldGen       total 147456K, used 147336K [0x0000000080000000, 0x0000000089000000, 0x00000000d5580000)
  object space 147456K, 99% used [0x0000000080000000,0x0000000088fe2138,0x0000000089000000)
 Metaspace       used 73829K, committed 75456K, reserved 1114112K
  class space    used 9172K, committed 9920K, reserved 1048576K
}
Event: 246.540 GC heap after
{Heap after GC invocations=128 (full 3):
 PSYoungGen      total 7168K, used 1011K [0x00000000d5580000, 0x00000000d5e00000, 0x0000000100000000)
  eden space 5632K, 0% used [0x00000000d5580000,0x00000000d5580000,0x00000000d5b00000)
  from space 1536K, 65% used [0x00000000d5b00000,0x00000000d5bfcfb0,0x00000000d5c80000)
  to   space 1536K, 0% used [0x00000000d5c80000,0x00000000d5c80000,0x00000000d5e00000)
 ParOldGen       total 148480K, used 148458K [0x0000000080000000, 0x0000000089100000, 0x00000000d5580000)
  object space 148480K, 99% used [0x0000000080000000,0x00000000890fa920,0x0000000089100000)
 Metaspace       used 73829K, committed 75456K, reserved 1114112K
  class space    used 9172K, committed 9920K, reserved 1048576K
}
Event: 246.675 GC heap before
{Heap before GC invocations=129 (full 3):
 PSYoungGen      total 7168K, used 6643K [0x00000000d5580000, 0x00000000d5e00000, 0x0000000100000000)
  eden space 5632K, 100% used [0x00000000d5580000,0x00000000d5b00000,0x00000000d5b00000)
  from space 1536K, 65% used [0x00000000d5b00000,0x00000000d5bfcfb0,0x00000000d5c80000)
  to   space 1536K, 0% used [0x00000000d5c80000,0x00000000d5c80000,0x00000000d5e00000)
 ParOldGen       total 148480K, used 148458K [0x0000000080000000, 0x0000000089100000, 0x00000000d5580000)
  object space 148480K, 99% used [0x0000000080000000,0x00000000890fa920,0x0000000089100000)
 Metaspace       used 73829K, committed 75456K, reserved 1114112K
  class space    used 9172K, committed 9920K, reserved 1048576K
}
Event: 246.677 GC heap after
{Heap after GC invocations=129 (full 3):
 PSYoungGen      total 6656K, used 982K [0x00000000d5580000, 0x00000000d5d80000, 0x0000000100000000)
  eden space 5632K, 0% used [0x00000000d5580000,0x00000000d5580000,0x00000000d5b00000)
  from space 1024K, 95% used [0x00000000d5c80000,0x00000000d5d75970,0x00000000d5d80000)
  to   space 1024K, 0% used [0x00000000d5b80000,0x00000000d5b80000,0x00000000d5c80000)
 ParOldGen       total 149504K, used 149405K [0x0000000080000000, 0x0000000089200000, 0x00000000d5580000)
  object space 149504K, 99% used [0x0000000080000000,0x00000000891e75a0,0x0000000089200000)
 Metaspace       used 73829K, committed 75456K, reserved 1114112K
  class space    used 9172K, committed 9920K, reserved 1048576K
}

